<?xml version="1.0" encoding="UTF-8"?>
<testsuite xmlns:xsi="http://www.w3.org/2001/XMLSchema-instance" xsi:noNamespaceSchemaLocation="https://maven.apache.org/surefire/maven-surefire-plugin/xsd/surefire-test-report.xsd" name="ClubTest" time="0.043" tests="6" errors="0" skipped="0" failures="0">
  <properties>
[...]
</properties>
  <testcase name="createValidClubWithMembersTest" classname="ClubTest" time="0.001"/>
  <testcase name="createNullClubTest" classname="ClubTest" time="0.003"/>
  <testcase name="createClubWithEmptyListTest" classname="ClubTest" time="0.002"/>
  <testcase name="addNullMemberTest" classname="ClubTest" time="0.002"/>
  <testcase name="addValidMemberTest" classname="ClubTest" time="0.001"/>
  <testcase name="createValidClubTest" classname="ClubTest" time="0.002"/>
</testsuite>